Gathering links...
Links gathered. Scraping data...
Processing link http://wiki.mabinogiworld.com/view/Rank_2_Enchants...
Page scrape successful.
Processing link http://wiki.mabinogiworld.com/view/Rank_3_Enchants...
WARNING: Multiple names selected. Using first.
Page scrape successful.
Processing link http://wiki.mabinogiworld.com/view/Rank_4_Enchants...
Page scrape successful.
Processing link http://wiki.mabinogiworld.com/view/Rank_5_Enchants...
WARNING: Multiple names selected. Using first.
Page scrape successful.
Processing link http://wiki.mabinogiworld.com/view/Rank_6_Enchants...
Page scrape successful.
Processing link http://wiki.mabinogiworld.com/view/Rank_7_Enchants...
WARNING: Multiple names selected. Using first.
WARNING: Multiple names selected. Using first.
WARNING: Multiple names selected. Using first.
Page scrape successful.
Processing link http://wiki.mabinogiworld.com/view/Rank_8_Enchants...
WARNING: Multiple names selected. Using first.
WARNING: Multiple names selected. Using first.
Page scrape successful.
Processing link http://wiki.mabinogiworld.com/view/Rank_9_Enchants...
WARNING: Multiple names selected. Using first.
WARNING: Multiple names selected. Using first.
Page scrape successful.
Processing link http://wiki.mabinogiworld.com/view/Rank_A_Enchants...
WARNING: Multiple names selected. Using first.
WARNING: Multiple names selected. Using first.
Page scrape successful.
Processing link http://wiki.mabinogiworld.com/view/Rank_B_Enchants...
WARNING: Multiple names selected. Using first.
WARNING: Multiple names selected. Using first.
WARNING: Multiple names selected. Using first.
Page scrape successful.
Processing link http://wiki.mabinogiworld.com/view/Rank_C_Enchants...
Page scrape successful.
Processing link http://wiki.mabinogiworld.com/view/Rank_D_Enchants...
WARNING: Multiple names selected. Using first.
WARNING: Multiple names selected. Using first.
Page scrape successful.
Processing link http://wiki.mabinogiworld.com/view/Rank_E_Enchants...
WARNING: Multiple names selected. Using first.
Page scrape successful.
Processing link http://wiki.mabinogiworld.com/view/Rank_F_Enchants...
Page scrape successful.
Data scrape complete.
Total enchants processed: 710
Total ERRORs: 0
Wait! ERROR count is probably innacurate, since enchants are processed by page. Use grep -c ERROR enchants.log to see the real number of errors.