Gathering links...
Links gathered. Scraping data...
Processing link http://wiki.mabinogiworld.com/view/Abb_Neagh_Carp...
No stats rows found. Treating as Inedible Food.
Scrape successful.
Processing link http://wiki.mabinogiworld.com/view/Abb_Neagh_Carp_Stew...
Scrape successful.
Processing link http://wiki.mabinogiworld.com/view/Aka_Wagashi...
Scrape successful.
Processing link http://wiki.mabinogiworld.com/view/Almond...
No stats rows found. Treating as Inedible Food.
Scrape successful.
Processing link http://wiki.mabinogiworld.com/view/Almond_Pie...
Scrape successful.
Processing link http://wiki.mabinogiworld.com/view/Almond_Strawberry_Jam_Tart...
Scrape successful.
Processing link http://wiki.mabinogiworld.com/view/Amatriciana...
Scrape successful.
Processing link http://wiki.mabinogiworld.com/view/Angler_Fish...
No stats rows found. Treating as Inedible Food.
Scrape successful.
Processing link http://wiki.mabinogiworld.com/view/Apple...
Scrape successful.
Processing link http://wiki.mabinogiworld.com/view/Apple_Jam...
Scrape successful.
Processing link http://wiki.mabinogiworld.com/view/Apple_Juice...
Scrape successful.
Processing link http://wiki.mabinogiworld.com/view/Apple_Pie...
Scrape successful.
Processing link http://wiki.mabinogiworld.com/view/Arat_Berry...
ERROR: Unable to find a description
Processing link http://wiki.mabinogiworld.com/view/Bacon...
Scrape successful.
Processing link http://wiki.mabinogiworld.com/view/Bacon_and_Potato_Dog_Food...
Scrape successful.
Processing link http://wiki.mabinogiworld.com/view/Bacon_Wrapped_Tuna...
Scrape successful.
Processing link http://wiki.mabinogiworld.com/view/Baked_Potato...
Scrape successful.
Processing link http://wiki.mabinogiworld.com/view/Baking_Chocolate...
No stats rows found. Treating as Inedible Food.
Scrape successful.
Processing link http://wiki.mabinogiworld.com/view/Banana_of_Dexterity...
Scrape successful.
Processing link http://wiki.mabinogiworld.com/view/Barley...
No stats rows found. Treating as Inedible Food.
Scrape successful.
Processing link http://wiki.mabinogiworld.com/view/Barley_Bread...
Scrape successful.
Processing link http://wiki.mabinogiworld.com/view/Barley_Flour...
No stats rows found. Treating as Inedible Food.
Scrape successful.
Processing link http://wiki.mabinogiworld.com/view/Barley_Tea...
Scrape successful.
Processing link http://wiki.mabinogiworld.com/view/Basil...
No stats rows found. Treating as Inedible Food.
Scrape successful.
Processing link http://wiki.mabinogiworld.com/view/Basil_Tea...
Scrape successful.
Processing link http://wiki.mabinogiworld.com/view/Bean...
Scrape successful.
Processing link http://wiki.mabinogiworld.com/view/Bean_Stuffing...
No stats rows found. Treating as Inedible Food.
Scrape successful.
Processing link http://wiki.mabinogiworld.com/view/Beef...
Scrape successful.
Processing link http://wiki.mabinogiworld.com/view/Beef_Steak...
Scrape successful.
Processing link http://wiki.mabinogiworld.com/view/Bell_Pepper...
No stats rows found. Treating as Inedible Food.
Scrape successful.
Processing link http://wiki.mabinogiworld.com/view/Beltfish...
No stats rows found. Treating as Inedible Food.
Scrape successful.
Processing link http://wiki.mabinogiworld.com/view/Beltfish_Stew...
Scrape successful.
Processing link http://wiki.mabinogiworld.com/view/Belvast_Eel...
No stats rows found. Treating as Inedible Food.
Scrape successful.
Processing link http://wiki.mabinogiworld.com/view/Belvast_Eel_Rice_Bowl...
Scrape successful.
Processing link http://wiki.mabinogiworld.com/view/Belvast_Whiskey...
Scrape successful.
Processing link http://wiki.mabinogiworld.com/view/Berry...
Scrape successful.
Processing link http://wiki.mabinogiworld.com/view/Big_Lump_of_Cheese...
Scrape successful.
Processing link http://wiki.mabinogiworld.com/view/Black_Sea_Bream...
No stats rows found. Treating as Inedible Food.
Scrape successful.
Processing link http://wiki.mabinogiworld.com/view/Blowfish...
No stats rows found. Treating as Inedible Food.
Scrape successful.
Processing link http://wiki.mabinogiworld.com/view/Blueberry...
No stats rows found. Treating as Inedible Food.
Scrape successful.
Processing link http://wiki.mabinogiworld.com/view/Blueberry_Jam...
Scrape successful.
Processing link http://wiki.mabinogiworld.com/view/Bluefin_Tuna...
No stats rows found. Treating as Inedible Food.
Scrape successful.
Processing link http://wiki.mabinogiworld.com/view/BnR...
Scrape successful.
Processing link http://wiki.mabinogiworld.com/view/Bonanza_Heart_Lollipop...
No stats rows found. Treating as Inedible Food.
Scrape successful.
Processing link http://wiki.mabinogiworld.com/view/Bouillabaisse...
Scrape successful.
Processing link http://wiki.mabinogiworld.com/view/Braised_Angler_Fish...
Scrape successful.
Processing link http://wiki.mabinogiworld.com/view/Braised_Catfish_and_Clams...
Scrape successful.
Processing link http://wiki.mabinogiworld.com/view/Braised_King_Crab...
Scrape successful.
Processing link http://wiki.mabinogiworld.com/view/Bread...
Scrape successful.
Processing link http://wiki.mabinogiworld.com/view/Bread_Crumb...
No stats rows found. Treating as Inedible Food.
Scrape successful.
Processing link http://wiki.mabinogiworld.com/view/Bread_from_Nao...
Scrape successful.
Processing link http://wiki.mabinogiworld.com/view/Brifne_Carp...
No stats rows found. Treating as Inedible Food.
Scrape successful.
Processing link http://wiki.mabinogiworld.com/view/Brifne_Rocks...
Scrape successful.
Processing link http://wiki.mabinogiworld.com/view/Brifne_Whiskey...
Scrape successful.
Processing link http://wiki.mabinogiworld.com/view/Broiled_Brifne_Carp...
Scrape successful.
Processing link http://wiki.mabinogiworld.com/view/Brown_Pine_Mushroom...
No stats rows found. Treating as Inedible Food.
Scrape successful.
Processing link http://wiki.mabinogiworld.com/view/Brownie...
Scrape successful.
Processing link http://wiki.mabinogiworld.com/view/Buffalo_Wings...
Scrape successful.
Processing link http://wiki.mabinogiworld.com/view/Butter...
No stats rows found. Treating as Inedible Food.
Scrape successful.
Processing link http://wiki.mabinogiworld.com/view/Butter_Biscuit...
Scrape successful.
Processing link http://wiki.mabinogiworld.com/view/Butter_Grilled_Reef_Lobster...
Scrape successful.
Processing link http://wiki.mabinogiworld.com/view/Button_Mushroom...
Scrape successful.
Processing link http://wiki.mabinogiworld.com/view/Cabbage...
Scrape successful.
Processing link http://wiki.mabinogiworld.com/view/Cacao...
No stats rows found. Treating as Inedible Food.
Scrape successful.
Processing link http://wiki.mabinogiworld.com/view/Cacao_Chocolate_Cake...
Scrape successful.
Processing link http://wiki.mabinogiworld.com/view/Cafe_Mocha...
Scrape successful.
Processing link http://wiki.mabinogiworld.com/view/Camellia_Seeds...
No stats rows found. Treating as Inedible Food.
Scrape successful.
Processing link http://wiki.mabinogiworld.com/view/Camellia_Sling...
Scrape successful.
Processing link http://wiki.mabinogiworld.com/view/Candy_Cane...
No stats rows found. Treating as Inedible Food.
Scrape successful.
Processing link http://wiki.mabinogiworld.com/view/Capelin...
No stats rows found. Treating as Inedible Food.
Scrape successful.
Processing link http://wiki.mabinogiworld.com/view/Cappuccino...
Scrape successful.
Processing link http://wiki.mabinogiworld.com/view/Carbonara...
Scrape successful.
Processing link http://wiki.mabinogiworld.com/view/Carnivorous_Fish...
No stats rows found. Treating as Inedible Food.
Scrape successful.
Processing link http://wiki.mabinogiworld.com/view/Carrot...
Scrape successful.
Processing link http://wiki.mabinogiworld.com/view/Catfish...
No stats rows found. Treating as Inedible Food.
Scrape successful.
Processing link http://wiki.mabinogiworld.com/view/Catfish_Garden_Salad...
Scrape successful.
Processing link http://wiki.mabinogiworld.com/view/Caviar_Canape...
Scrape successful.
Processing link http://wiki.mabinogiworld.com/view/Caviar_Salad...
Scrape successful.
Processing link http://wiki.mabinogiworld.com/view/Celery...
No stats rows found. Treating as Inedible Food.
Scrape successful.
Processing link http://wiki.mabinogiworld.com/view/Celery_Salad...
Scrape successful.
Processing link http://wiki.mabinogiworld.com/view/Cheese_Bread...
WARNING: More than one description selected. Using first
Scrape successful.
Processing link http://wiki.mabinogiworld.com/view/Cheese_Fondue...
Scrape successful.
Processing link http://wiki.mabinogiworld.com/view/Cheese_Gratin...
Scrape successful.
Processing link http://wiki.mabinogiworld.com/view/Chestnut...
No stats rows found. Treating as Inedible Food.
Scrape successful.
Processing link http://wiki.mabinogiworld.com/view/Chicken...
No stats rows found. Treating as Inedible Food.
Scrape successful.
Processing link http://wiki.mabinogiworld.com/view/Chicken_Chow_Mein...
Scrape successful.
Processing link http://wiki.mabinogiworld.com/view/Chicken_Chow_Mein_(Event)...
Scrape successful.
Processing link http://wiki.mabinogiworld.com/view/Chicken_Gizzards...
Scrape successful.
Processing link http://wiki.mabinogiworld.com/view/Chicken_Gratin...
Scrape successful.
Processing link http://wiki.mabinogiworld.com/view/Chicken_Noodle_Consomme...
Scrape successful.
Processing link http://wiki.mabinogiworld.com/view/Chicken_Skewers...
Scrape successful.
Processing link http://wiki.mabinogiworld.com/view/Chicken_Soup...
Scrape successful.
Processing link http://wiki.mabinogiworld.com/view/Chicken_Wings...
No stats rows found. Treating as Inedible Food.
Scrape successful.
Processing link http://wiki.mabinogiworld.com/view/Chiffon_Cake_of_Will...
Scrape successful.
Processing link http://wiki.mabinogiworld.com/view/Chocolate...
Scrape successful.
Processing link http://wiki.mabinogiworld.com/view/Chocolate_Cake...
Scrape successful.
Processing link http://wiki.mabinogiworld.com/view/Chocolate_Chip_Cookie...
Scrape successful.
Processing link http://wiki.mabinogiworld.com/view/Chocolate_Chip_Cookie_of_Dexterity...
Scrape successful.
Processing link http://wiki.mabinogiworld.com/view/Chocolate_made_with_Kristell%27s_Appreciation...
No stats rows found. Treating as Inedible Food.
Scrape successful.
Processing link http://wiki.mabinogiworld.com/view/Chocolate_Milk...
Scrape successful.
Processing link http://wiki.mabinogiworld.com/view/Chocolate_Souffle...
Scrape successful.
Processing link http://wiki.mabinogiworld.com/view/Club_Sandwich...
Scrape successful.
Processing link http://wiki.mabinogiworld.com/view/Coconut...
Scrape successful.
Processing link http://wiki.mabinogiworld.com/view/Coconut_Cookie...
Scrape successful.
Processing link http://wiki.mabinogiworld.com/view/Coconut_Crab_Soup...
Scrape successful.
Processing link http://wiki.mabinogiworld.com/view/Coconut_Pound_Cake...
Scrape successful.
Processing link http://wiki.mabinogiworld.com/view/Consomme...
Scrape successful.
Processing link http://wiki.mabinogiworld.com/view/Coq_Au_Vin...
Scrape successful.
Processing link http://wiki.mabinogiworld.com/view/Corn...
No stats rows found. Treating as Inedible Food.
Scrape successful.
Processing link http://wiki.mabinogiworld.com/view/Corn_Chip...
Scrape successful.
Processing link http://wiki.mabinogiworld.com/view/Corn_Powder...
No stats rows found. Treating as Inedible Food.
Scrape successful.
Processing link http://wiki.mabinogiworld.com/view/Corn_Scone...
Scrape successful.
Processing link http://wiki.mabinogiworld.com/view/Corn_Soup...
Scrape successful.
Processing link http://wiki.mabinogiworld.com/view/Corn_Tea...
Scrape successful.
Processing link http://wiki.mabinogiworld.com/view/Cornbread...
Scrape successful.
Processing link http://wiki.mabinogiworld.com/view/Cornbread_Dough...
No stats rows found. Treating as Inedible Food.
Scrape successful.
Processing link http://wiki.mabinogiworld.com/view/Corned_Abb_Neagh_Carp_and_Vegetables...
Scrape successful.
Processing link http://wiki.mabinogiworld.com/view/Cotton_Candy...
No stats rows found. Treating as Inedible Food.
Scrape successful.
Processing link http://wiki.mabinogiworld.com/view/Courcle_Coffee_Beans...
Scrape successful.
Processing link http://wiki.mabinogiworld.com/view/Cracked_Egg...
No stats rows found. Treating as Inedible Food.
Scrape successful.
Processing link http://wiki.mabinogiworld.com/view/Crazy_Chocolate_Ball...
Scrape successful.
Processing link http://wiki.mabinogiworld.com/view/Cream_Farfalle...
Scrape successful.
Processing link http://wiki.mabinogiworld.com/view/Cream_Sauce...
No stats rows found. Treating as Inedible Food.
Scrape successful.
Processing link http://wiki.mabinogiworld.com/view/Croque_Monsieur...
Scrape successful.
Processing link http://wiki.mabinogiworld.com/view/Crunchy_Mushroom_Cookie...
No stats rows found. Treating as Inedible Food.
Scrape successful.
Processing link http://wiki.mabinogiworld.com/view/Curry_and_Rice...
Scrape successful.
Processing link http://wiki.mabinogiworld.com/view/Curry_Bread...
Scrape successful.
Processing link http://wiki.mabinogiworld.com/view/Curry_Paste...
No stats rows found. Treating as Inedible Food.
Scrape successful.
Processing link http://wiki.mabinogiworld.com/view/Curry_Powder...
No stats rows found. Treating as Inedible Food.
Scrape successful.
Processing link http://wiki.mabinogiworld.com/view/Curry_Udon...
Scrape successful.
Processing link http://wiki.mabinogiworld.com/view/Curry-Roasted_Black_Sea_Bream...
Scrape successful.
Processing link http://wiki.mabinogiworld.com/view/Curry-Roasted_Red_Sea_Bream...
Scrape successful.
Processing link http://wiki.mabinogiworld.com/view/Deep_Fry_Batter...
No stats rows found. Treating as Inedible Food.
Scrape successful.
Processing link http://wiki.mabinogiworld.com/view/Devenish_Black_Beer...
Scrape successful.
Processing link http://wiki.mabinogiworld.com/view/Dog_Biscuit...
Scrape successful.
Processing link http://wiki.mabinogiworld.com/view/Dragon_Blood_Red_Wine...
Scrape successful.
Processing link http://wiki.mabinogiworld.com/view/Dragon_Blood_White_Wine...
Scrape successful.
Processing link http://wiki.mabinogiworld.com/view/Dragon_Flesh_Lump...
No stats rows found. Treating as Inedible Food.
Scrape successful.
Processing link http://wiki.mabinogiworld.com/view/Dragon_T-Bone_Steak...
Scrape successful.
Processing link http://wiki.mabinogiworld.com/view/E._O._Grand_Blago...
WARNING: Unable to find a imgurl
No stats rows found. Treating as Inedible Food.
Scrape successful.
Processing link http://wiki.mabinogiworld.com/view/Ebi_Sushi...
Scrape successful.
Processing link http://wiki.mabinogiworld.com/view/Egg...
Scrape successful.
Processing link http://wiki.mabinogiworld.com/view/Egg_Caviar...
Scrape successful.
Processing link http://wiki.mabinogiworld.com/view/Egg_Salad...
WARNING: More than one description selected. Using first
Scrape successful.
Processing link http://wiki.mabinogiworld.com/view/Egg_Tart...
Scrape successful.
Processing link http://wiki.mabinogiworld.com/view/Eggplant...
No stats rows found. Treating as Inedible Food.
Scrape successful.
Processing link http://wiki.mabinogiworld.com/view/Eggplant_(Farmed)...
WARNING: Unable to find a imgurl
No stats rows found. Treating as Inedible Food.
Scrape successful.
Processing link http://wiki.mabinogiworld.com/view/Emain_Macha_Wine...
Scrape successful.
Processing link http://wiki.mabinogiworld.com/view/Espresso...
Scrape successful.
Processing link http://wiki.mabinogiworld.com/view/Espresso_Macchiato...
Scrape successful.
Processing link http://wiki.mabinogiworld.com/view/Fan_Mussel...
No stats rows found. Treating as Inedible Food.
Scrape successful.
Processing link http://wiki.mabinogiworld.com/view/Festive_Noodles...
Scrape successful.
Processing link http://wiki.mabinogiworld.com/view/Filia_Cookie_Set...
Scrape successful.
Processing link http://wiki.mabinogiworld.com/view/Fish_and_Chips...
Scrape successful.
Processing link http://wiki.mabinogiworld.com/view/Fish_Cake...
Scrape successful.
Processing link http://wiki.mabinogiworld.com/view/Fish_Soup...
Scrape successful.
Processing link http://wiki.mabinogiworld.com/view/Flour_Dough...
WARNING: More than one description selected. Using first
No stats rows found. Treating as Inedible Food.
Scrape successful.
Processing link http://wiki.mabinogiworld.com/view/Flying_Fish...
No stats rows found. Treating as Inedible Food.
Scrape successful.
Processing link http://wiki.mabinogiworld.com/view/Flying_Fish_Crepe...
Scrape successful.
Processing link http://wiki.mabinogiworld.com/view/Flying_Fish_Fin...
No stats rows found. Treating as Inedible Food.
Scrape successful.
Processing link http://wiki.mabinogiworld.com/view/Food_Effects_(Long_Term)...
ERROR: Unable to find a description
Processing link http://wiki.mabinogiworld.com/view/Food_Effects_(Short_Term)...
WARNING: More than one imgurl selected. Using first
Scrape successful.
Processing link http://wiki.mabinogiworld.com/view/Food_Waste...
No stats rows found. Treating as Inedible Food.
Scrape successful.
Processing link http://wiki.mabinogiworld.com/view/Fortune_Cookie...
Scrape successful.
Processing link http://wiki.mabinogiworld.com/view/French_Fries...
Scrape successful.
Processing link http://wiki.mabinogiworld.com/view/Fresh_Honey...
WARNING: Unable to find a imgurl
No stats rows found. Treating as Inedible Food.
Scrape successful.
Processing link http://wiki.mabinogiworld.com/view/Fried_Abb_Neagh_Carp...
Scrape successful.
Processing link http://wiki.mabinogiworld.com/view/Fried_Capelin...
No stats rows found. Treating as Inedible Food.
ERROR: some exception thrown in formatting scrape data
Scrape FAILED.
Processing link http://wiki.mabinogiworld.com/view/Fried_Chicken_Wing...
Scrape successful.
Processing link http://wiki.mabinogiworld.com/view/Fried_Dumplings...
Scrape successful.
Processing link http://wiki.mabinogiworld.com/view/Fried_Egg...
Scrape successful.
Processing link http://wiki.mabinogiworld.com/view/Fried_Eggplants...
Scrape successful.
Processing link http://wiki.mabinogiworld.com/view/Fried_Mushroom...
WARNING: More than one description selected. Using first
Scrape successful.
Processing link http://wiki.mabinogiworld.com/view/Fried_Onion...
WARNING: More than one description selected. Using first
Scrape successful.
Processing link http://wiki.mabinogiworld.com/view/Fried_Poulp...
Scrape successful.
Processing link http://wiki.mabinogiworld.com/view/Fried_Sausage_Vegetables...
Scrape successful.
Processing link http://wiki.mabinogiworld.com/view/Fried_Shrimp...
Scrape successful.
Processing link http://wiki.mabinogiworld.com/view/Fried_Smelt...
Scrape successful.
Processing link http://wiki.mabinogiworld.com/view/Fried_Vegetables...
WARNING: More than one description selected. Using first
Scrape successful.
Processing link http://wiki.mabinogiworld.com/view/Friendship_Shrimp_Fried_Rice...
Scrape successful.
Processing link http://wiki.mabinogiworld.com/view/Fruit...
ERROR: Unable to find a description
Processing link http://wiki.mabinogiworld.com/view/Fruit_Juice...
No stats rows found. Treating as Inedible Food.
Scrape successful.
Processing link http://wiki.mabinogiworld.com/view/Fruit_Salad...
WARNING: More than one description selected. Using first
Scrape successful.
Processing link http://wiki.mabinogiworld.com/view/Fry_Batter...
No stats rows found. Treating as Inedible Food.
Scrape successful.
Processing link http://wiki.mabinogiworld.com/view/Garlic...
No stats rows found. Treating as Inedible Food.
Scrape successful.
Processing link http://wiki.mabinogiworld.com/view/Garlic_Bread...
Scrape successful.
Processing link http://wiki.mabinogiworld.com/view/Gateau_Au_Chocolat...
Scrape successful.
Processing link http://wiki.mabinogiworld.com/view/Gelatin...
No stats rows found. Treating as Inedible Food.
Scrape successful.
Processing link http://wiki.mabinogiworld.com/view/Giant_Potato...
Scrape successful.
Processing link http://wiki.mabinogiworld.com/view/Giant_Star_Candy...
Scrape successful.
Processing link http://wiki.mabinogiworld.com/view/Glazed_Sweet_Potatoes...
Scrape successful.
Processing link http://wiki.mabinogiworld.com/view/Gold_Mushroom...
No stats rows found. Treating as Inedible Food.
Scrape successful.
Processing link http://wiki.mabinogiworld.com/view/Golden_Apple...
Scrape successful.
Processing link http://wiki.mabinogiworld.com/view/Golden_Egg...
No stats rows found. Treating as Inedible Food.
Scrape successful.
Processing link http://wiki.mabinogiworld.com/view/Golden_Scale_Fish...
No stats rows found. Treating as Inedible Food.
Scrape successful.
Processing link http://wiki.mabinogiworld.com/view/Golden_Wheat...
No stats rows found. Treating as Inedible Food.
Scrape successful.
Processing link http://wiki.mabinogiworld.com/view/Grand_Blago...
WARNING: More than one description selected. Using first
WARNING: Unable to find a imgurl
No stats rows found. Treating as Inedible Food.
Scrape successful.
Processing link http://wiki.mabinogiworld.com/view/Granita...
Scrape successful.
Processing link http://wiki.mabinogiworld.com/view/Grape_Jam...
Scrape successful.
Processing link http://wiki.mabinogiworld.com/view/Grapes...
No stats rows found. Treating as Inedible Food.
Scrape successful.
Processing link http://wiki.mabinogiworld.com/view/Green_Onion_of_Strength...
Scrape successful.
Processing link http://wiki.mabinogiworld.com/view/Grilled_Black_Dragon_Heart...
Scrape successful.
Processing link http://wiki.mabinogiworld.com/view/Grilled_Catfish...
Scrape successful.
Processing link http://wiki.mabinogiworld.com/view/Grilled_Corn...
Scrape successful.
Processing link http://wiki.mabinogiworld.com/view/Grilled_Eel...
Scrape successful.
Processing link http://wiki.mabinogiworld.com/view/Grilled_Shellfish...
Scrape successful.
Processing link http://wiki.mabinogiworld.com/view/Grilled_Silk-Striped_Marlin...
Scrape successful.
Processing link http://wiki.mabinogiworld.com/view/Grilled_White_Dragon_Heart...
Scrape successful.
Processing link http://wiki.mabinogiworld.com/view/Halloween_Ghost_Jelly...
Scrape successful.
Processing link http://wiki.mabinogiworld.com/view/Halloween_Hat_Cookie...
Scrape successful.
Processing link http://wiki.mabinogiworld.com/view/Halloween_Owl_Cookie...
Scrape successful.
Processing link http://wiki.mabinogiworld.com/view/Halloween_Pumpkin_Candy...
Scrape successful.
Processing link http://wiki.mabinogiworld.com/view/Halloween_Pumpkin_Chocolate...
Scrape successful.
Processing link http://wiki.mabinogiworld.com/view/Halloween_Pumpkin_Jelly...
Scrape successful.
Processing link http://wiki.mabinogiworld.com/view/Halloween_Pumpkin_Pie...
Scrape successful.
Processing link http://wiki.mabinogiworld.com/view/Halloween_Star_Cookie...
Scrape successful.
Processing link http://wiki.mabinogiworld.com/view/Halloween_Wrapped_Candy...
Scrape successful.
Processing link http://wiki.mabinogiworld.com/view/Halloween_Wrapped_Cookie...
Scrape successful.
Processing link http://wiki.mabinogiworld.com/view/Hard-Boiled_Egg...
WARNING: More than one description selected. Using first
Scrape successful.
Processing link http://wiki.mabinogiworld.com/view/Hat_Cookie_Cutter...
No stats rows found. Treating as Inedible Food.
Scrape successful.
Processing link http://wiki.mabinogiworld.com/view/Hazelnut_Mushroom...
Scrape successful.
Processing link http://wiki.mabinogiworld.com/view/Heartbeat_Gateau_Au_Chocolat...
Scrape successful.
Processing link http://wiki.mabinogiworld.com/view/Herb_Garlic_Steak...
Scrape successful.
Processing link http://wiki.mabinogiworld.com/view/Herb_Mushroom_Salad...
Scrape successful.
Processing link http://wiki.mabinogiworld.com/view/Herbal_Chocolate...
Scrape successful.
Processing link http://wiki.mabinogiworld.com/view/Holiday_Rice_Cake...
Scrape successful.
Processing link http://wiki.mabinogiworld.com/view/Hot_Chocolate...
Scrape successful.
Processing link http://wiki.mabinogiworld.com/view/Hotcake_of_Love...
Scrape successful.
Processing link http://wiki.mabinogiworld.com/view/Hotcakes...
Scrape successful.
Processing link http://wiki.mabinogiworld.com/view/Ice_(Item)...
No stats rows found. Treating as Inedible Food.
Scrape successful.
Processing link http://wiki.mabinogiworld.com/view/Ice_Cream_of_Intelligence...
Scrape successful.
Processing link http://wiki.mabinogiworld.com/view/Iced_Cafe_Mocha...
Scrape successful.
Processing link http://wiki.mabinogiworld.com/view/Iced_Macchiato...
Scrape successful.
Processing link http://wiki.mabinogiworld.com/view/Ingredient_Hunting/Drop_List...
ERROR: Unable to find a description
Processing link http://wiki.mabinogiworld.com/view/Jelly_Beans_of_Strength...
Scrape successful.
Processing link http://wiki.mabinogiworld.com/view/Jellyfish...
WARNING: More than one description selected. Using first
No stats rows found. Treating as Inedible Food.
Scrape successful.
Processing link http://wiki.mabinogiworld.com/view/Jellyfish_Salad...
WARNING: More than one description selected. Using first
Scrape successful.
Processing link http://wiki.mabinogiworld.com/view/Jumbo_Fried_Dumplings...
Scrape successful.
Processing link http://wiki.mabinogiworld.com/view/Jumbo_Moon_Cake...
Scrape successful.
Processing link http://wiki.mabinogiworld.com/view/Jumbo_Rice_Cake_Soup...
Scrape successful.
Processing link http://wiki.mabinogiworld.com/view/Juniper_Berry...
No stats rows found. Treating as Inedible Food.
Scrape successful.
Processing link http://wiki.mabinogiworld.com/view/Juniper_Jelly...
Scrape successful.
Processing link http://wiki.mabinogiworld.com/view/Kikiki_Mushroom_Cookie...
Scrape successful.
Processing link http://wiki.mabinogiworld.com/view/King_Crab...
No stats rows found. Treating as Inedible Food.
Scrape successful.
Processing link http://wiki.mabinogiworld.com/view/King_Crab_Shell...
No stats rows found. Treating as Inedible Food.
Scrape successful.
Processing link http://wiki.mabinogiworld.com/view/Kiss_on_the_Lips...
Scrape successful.
Processing link http://wiki.mabinogiworld.com/view/Lamprey...
No stats rows found. Treating as Inedible Food.
Scrape successful.
Processing link http://wiki.mabinogiworld.com/view/Large_Fried_Dumplings...
Scrape successful.
Processing link http://wiki.mabinogiworld.com/view/Large_Meat...
Scrape successful.
Processing link http://wiki.mabinogiworld.com/view/Large_Moon_Cake...
Scrape successful.
Processing link http://wiki.mabinogiworld.com/view/Large_Rice_Cake_Soup...
Scrape successful.
Processing link http://wiki.mabinogiworld.com/view/Leek...
No stats rows found. Treating as Inedible Food.
Scrape successful.
Processing link http://wiki.mabinogiworld.com/view/Leighean_Gin...
Scrape successful.
Processing link http://wiki.mabinogiworld.com/view/Leighean_Sling...
Scrape successful.
Processing link http://wiki.mabinogiworld.com/view/Lemon...
Scrape successful.
Processing link http://wiki.mabinogiworld.com/view/Lemon_Jam...
Scrape successful.
Processing link http://wiki.mabinogiworld.com/view/Lemon_Juice...
No stats rows found. Treating as Inedible Food.
Scrape successful.
Processing link http://wiki.mabinogiworld.com/view/Lemon_Shaved_Ice...
Scrape successful.
Processing link http://wiki.mabinogiworld.com/view/Lemon_Tea...
Scrape successful.
Processing link http://wiki.mabinogiworld.com/view/Lemonade...
Scrape successful.
Processing link http://wiki.mabinogiworld.com/view/Lileas%27s_Honey_Drink...
No stats rows found. Treating as Inedible Food.
Scrape successful.
Processing link http://wiki.mabinogiworld.com/view/Lollipop_of_Intelligence...
Scrape successful.
Processing link http://wiki.mabinogiworld.com/view/Long_Pasta...
No stats rows found. Treating as Inedible Food.
Scrape successful.
Processing link http://wiki.mabinogiworld.com/view/Lunch_Box_of_Memories...
Scrape successful.
Processing link http://wiki.mabinogiworld.com/view/Lutra_Cocktail_Set...
Scrape successful.
Processing link http://wiki.mabinogiworld.com/view/Macchiato...
Scrape successful.
Processing link http://wiki.mabinogiworld.com/view/Mackerel...
No stats rows found. Treating as Inedible Food.
Scrape successful.
Processing link http://wiki.mabinogiworld.com/view/Mackerel_Steak...
Scrape successful.
Processing link http://wiki.mabinogiworld.com/view/Magic_Bean...
No stats rows found. Treating as Inedible Food.
Scrape successful.
Processing link http://wiki.mabinogiworld.com/view/Magic_Bean_Flour...
No stats rows found. Treating as Inedible Food.
Scrape successful.
Processing link http://wiki.mabinogiworld.com/view/Magic_Bean_Tofu...
Scrape successful.
Processing link http://wiki.mabinogiworld.com/view/Mako_Shark...
No stats rows found. Treating as Inedible Food.
Scrape successful.
Processing link http://wiki.mabinogiworld.com/view/Malt...
No stats rows found. Treating as Inedible Food.
Scrape successful.
Processing link http://wiki.mabinogiworld.com/view/Mana_Herb...
WARNING: Unable to find a imgurl
No stats rows found. Treating as Inedible Food.
Scrape successful.
Processing link http://wiki.mabinogiworld.com/view/Mana_Herb_Garlic_Steak...
Scrape successful.
Processing link http://wiki.mabinogiworld.com/view/Manolin%27s_Mako_Shark...
No stats rows found. Treating as Inedible Food.
Scrape successful.
Processing link http://wiki.mabinogiworld.com/view/Marine_Pearl_Oyster...
No stats rows found. Treating as Inedible Food.
Scrape successful.
Processing link http://wiki.mabinogiworld.com/view/Mashed_Peeled_Bean_Flour_Tofu...
Scrape successful.
Processing link http://wiki.mabinogiworld.com/view/Mashed_Roasted_Bean_Flour_Tofu...
Scrape successful.
Processing link http://wiki.mabinogiworld.com/view/Mashed_Tofu...
WARNING: More than one description selected. Using first
Scrape successful.
Processing link http://wiki.mabinogiworld.com/view/Mashed_Water-soaked_Bean_Flour_Tofu...
Scrape successful.
Processing link http://wiki.mabinogiworld.com/view/Mayonnaise...
No stats rows found. Treating as Inedible Food.
Scrape successful.
Processing link http://wiki.mabinogiworld.com/view/Meat_Broth...
No stats rows found. Treating as Inedible Food.
Scrape successful.
Processing link http://wiki.mabinogiworld.com/view/Meat_Ingredients...
ERROR: Unable to find a description
Processing link http://wiki.mabinogiworld.com/view/Meat_Marinade...
No stats rows found. Treating as Inedible Food.
Scrape successful.
Processing link http://wiki.mabinogiworld.com/view/Meat_Pie...
Scrape successful.
Processing link http://wiki.mabinogiworld.com/view/Milk...
Scrape successful.
Processing link http://wiki.mabinogiworld.com/view/Milk_Bread...
Scrape successful.
Processing link http://wiki.mabinogiworld.com/view/Misc_Foods...
ERROR: Unable to find a description
Processing link http://wiki.mabinogiworld.com/view/Mixed_Fried_Rice...
Scrape successful.
Processing link http://wiki.mabinogiworld.com/view/Mixed_Fruit...
Scrape successful.
Processing link http://wiki.mabinogiworld.com/view/Mixed_Vegetables...
No stats rows found. Treating as Inedible Food.
Scrape successful.
Processing link http://wiki.mabinogiworld.com/view/Monster_Cookie...
No stats rows found. Treating as Inedible Food.
Scrape successful.
Processing link http://wiki.mabinogiworld.com/view/Moon_Cake...
Scrape successful.
Processing link http://wiki.mabinogiworld.com/view/Muffin_of_Luck...
WARNING: More than one description selected. Using first
Scrape successful.
Processing link http://wiki.mabinogiworld.com/view/Mung_Bean...
No stats rows found. Treating as Inedible Food.
Scrape successful.
Processing link http://wiki.mabinogiworld.com/view/Mushroom_Canape...
Scrape successful.
Processing link http://wiki.mabinogiworld.com/view/Mushroom_Cappuccino_Soup...
Scrape successful.
Processing link http://wiki.mabinogiworld.com/view/Mushroom_Consomme...
Scrape successful.
Processing link http://wiki.mabinogiworld.com/view/Mushroom_Cookie...
Scrape successful.
Processing link http://wiki.mabinogiworld.com/view/Mushroom_Fried_Rice...
Scrape successful.
Processing link http://wiki.mabinogiworld.com/view/Mushroom_Gratin...
Scrape successful.
Processing link http://wiki.mabinogiworld.com/view/Mushroom_List...
ERROR: Unable to find a description
Processing link http://wiki.mabinogiworld.com/view/Mushroom_Marinade...
Scrape successful.
Processing link http://wiki.mabinogiworld.com/view/Mushroom_Potage...
Scrape successful.
Processing link http://wiki.mabinogiworld.com/view/Mushroom_Soup...
Scrape successful.
Processing link http://wiki.mabinogiworld.com/view/Mustard_Chocolate...
Scrape successful.
Processing link http://wiki.mabinogiworld.com/view/Nares_Cake_Set...
Scrape successful.
Processing link http://wiki.mabinogiworld.com/view/Nigari...
No stats rows found. Treating as Inedible Food.
Scrape successful.
Processing link http://wiki.mabinogiworld.com/view/Noodle...
No stats rows found. Treating as Inedible Food.
Scrape successful.
Processing link http://wiki.mabinogiworld.com/view/Octopus...
No stats rows found. Treating as Inedible Food.
Scrape successful.
Processing link http://wiki.mabinogiworld.com/view/Olive_Oil...
No stats rows found. Treating as Inedible Food.
Scrape successful.
Processing link http://wiki.mabinogiworld.com/view/Omelet...
Scrape successful.
Processing link http://wiki.mabinogiworld.com/view/Onion...
No stats rows found. Treating as Inedible Food.
Scrape successful.
Processing link http://wiki.mabinogiworld.com/view/Onion_Fried_Tuna...
ERROR: Unable to find a description
Processing link http://wiki.mabinogiworld.com/view/Onion_Ring...
Scrape successful.
Processing link http://wiki.mabinogiworld.com/view/Onion_Soup...
Scrape successful.
Processing link http://wiki.mabinogiworld.com/view/Orange...
Scrape successful.
Processing link http://wiki.mabinogiworld.com/view/Orange_Juice...
Scrape successful.
Processing link http://wiki.mabinogiworld.com/view/Orange_Marmalade...
Scrape successful.
Processing link http://wiki.mabinogiworld.com/view/Orange_Shaved_Ice...
Scrape successful.
Processing link http://wiki.mabinogiworld.com/view/Owl_Cookie_Cutter...
No stats rows found. Treating as Inedible Food.
Scrape successful.
Processing link http://wiki.mabinogiworld.com/view/Pad_Thai...
Scrape successful.
Processing link http://wiki.mabinogiworld.com/view/Pan_Pie_Crust...
No stats rows found. Treating as Inedible Food.
Scrape successful.
Processing link http://wiki.mabinogiworld.com/view/Pane...
Scrape successful.
Processing link http://wiki.mabinogiworld.com/view/Pasta_Dough...
No stats rows found. Treating as Inedible Food.
Scrape successful.
Processing link http://wiki.mabinogiworld.com/view/Pasta_Ingredients...
No stats rows found. Treating as Inedible Food.
Scrape successful.
Processing link http://wiki.mabinogiworld.com/view/Pasta_Marinara...
Scrape successful.
Processing link http://wiki.mabinogiworld.com/view/Peanut_Butter_Jam...
Scrape successful.
Processing link http://wiki.mabinogiworld.com/view/Peanuts...
No stats rows found. Treating as Inedible Food.
Scrape successful.
Processing link http://wiki.mabinogiworld.com/view/Pecan...
No stats rows found. Treating as Inedible Food.
Scrape successful.
Processing link http://wiki.mabinogiworld.com/view/Pecan_Pie...
Scrape successful.
Processing link http://wiki.mabinogiworld.com/view/Peeled_Bean...
No stats rows found. Treating as Inedible Food.
Scrape successful.
Processing link http://wiki.mabinogiworld.com/view/Peeled_Bean_Broth...
No stats rows found. Treating as Inedible Food.
Scrape successful.
Processing link http://wiki.mabinogiworld.com/view/Peeled_Bean_Flour...
No stats rows found. Treating as Inedible Food.
Scrape successful.
Processing link http://wiki.mabinogiworld.com/view/Peeled_Bean_Noodles...
Scrape successful.
Processing link http://wiki.mabinogiworld.com/view/Pepper...
No stats rows found. Treating as Inedible Food.
Scrape successful.
Processing link http://wiki.mabinogiworld.com/view/Pepper_Grilled_Silk-Striped_Marlin...
No stats rows found. Treating as Inedible Food.
Scrape successful.
Processing link http://wiki.mabinogiworld.com/view/Pine_Nut...
No stats rows found. Treating as Inedible Food.
Scrape successful.
Processing link http://wiki.mabinogiworld.com/view/Pine_Nut_Soup...
Scrape successful.
Processing link http://wiki.mabinogiworld.com/view/Poisonous_Mushroom_Stew...
Scrape successful.
Processing link http://wiki.mabinogiworld.com/view/Popcorn...
Scrape successful.
Processing link http://wiki.mabinogiworld.com/view/Pork_Cutlet...
Scrape successful.
Processing link http://wiki.mabinogiworld.com/view/Pork_Galbi_Stew...
Scrape successful.
Processing link http://wiki.mabinogiworld.com/view/Pork_Steak...
No stats rows found. Treating as Inedible Food.
Scrape successful.
Processing link http://wiki.mabinogiworld.com/view/Potato...
Scrape successful.
Processing link http://wiki.mabinogiworld.com/view/Potato_%26_Egg_Salad...
WARNING: More than one description selected. Using first
Scrape successful.
Processing link http://wiki.mabinogiworld.com/view/Potato_Croquette...
Scrape successful.
Processing link http://wiki.mabinogiworld.com/view/Potato_Salad...
WARNING: More than one description selected. Using first
Scrape successful.
Processing link http://wiki.mabinogiworld.com/view/Poulp...
No stats rows found. Treating as Inedible Food.
Scrape successful.
Processing link http://wiki.mabinogiworld.com/view/Power_Mushroom...
WARNING: More than one description selected. Using first
No stats rows found. Treating as Inedible Food.
Scrape successful.
Processing link http://wiki.mabinogiworld.com/view/Pumpkin_(Farmed)...
WARNING: Unable to find a imgurl
No stats rows found. Treating as Inedible Food.
Scrape successful.
Processing link http://wiki.mabinogiworld.com/view/Pumpkin_Galbi_Stew...
Scrape successful.
Processing link http://wiki.mabinogiworld.com/view/Pumpkin_Jam...
Scrape successful.
Processing link http://wiki.mabinogiworld.com/view/Pumpkin_Seafood_Stew...
Scrape successful.
Processing link http://wiki.mabinogiworld.com/view/Pumpkin_Tart...
Scrape successful.
Processing link http://wiki.mabinogiworld.com/view/Quiche...
Scrape successful.
Processing link http://wiki.mabinogiworld.com/view/Rainbow_Trout...
No stats rows found. Treating as Inedible Food.
Scrape successful.
Processing link http://wiki.mabinogiworld.com/view/Rare_Cheesecake...
Scrape successful.
Processing link http://wiki.mabinogiworld.com/view/Ray...
No stats rows found. Treating as Inedible Food.
Scrape successful.
Processing link http://wiki.mabinogiworld.com/view/Ray_Gill_Filet...
Scrape successful.
Processing link http://wiki.mabinogiworld.com/view/Red_Pepper_Powder...
No stats rows found. Treating as Inedible Food.
Scrape successful.
Processing link http://wiki.mabinogiworld.com/view/Red_Sea_Bream...
No stats rows found. Treating as Inedible Food.
Scrape successful.
Processing link http://wiki.mabinogiworld.com/view/Red_Sunrise...
Scrape successful.
Processing link http://wiki.mabinogiworld.com/view/Reef_Lobster...
No stats rows found. Treating as Inedible Food.
Scrape successful.
Processing link http://wiki.mabinogiworld.com/view/Rice...
No stats rows found. Treating as Inedible Food.
Scrape successful.
Processing link http://wiki.mabinogiworld.com/view/Rice_Cake_Soup...
Scrape successful.
Processing link http://wiki.mabinogiworld.com/view/Rice_Cakes...
Scrape successful.
Processing link http://wiki.mabinogiworld.com/view/Ripe_Pumpkin...
No stats rows found. Treating as Inedible Food.
Scrape successful.
Processing link http://wiki.mabinogiworld.com/view/Roasted_Bacon...
Scrape successful.
Processing link http://wiki.mabinogiworld.com/view/Roasted_Bean...
Scrape successful.
Processing link http://wiki.mabinogiworld.com/view/Roasted_Bean_Broth...
No stats rows found. Treating as Inedible Food.
Scrape successful.
Processing link http://wiki.mabinogiworld.com/view/Roasted_Bean_Flour...
No stats rows found. Treating as Inedible Food.
Scrape successful.
Processing link http://wiki.mabinogiworld.com/view/Roasted_Bean_Noodles...
Scrape successful.
Processing link http://wiki.mabinogiworld.com/view/Roasted_Chicken...
Scrape successful.
Processing link http://wiki.mabinogiworld.com/view/Roasted_Chicken_Wing...
Scrape successful.
Processing link http://wiki.mabinogiworld.com/view/Roasted_Coffee...
Scrape successful.
Processing link http://wiki.mabinogiworld.com/view/Roasted_Turkey...
Scrape successful.
Processing link http://wiki.mabinogiworld.com/view/Rock_Bream_Fish_Stew...
Scrape successful.
Processing link http://wiki.mabinogiworld.com/view/Royal_Caviar_Canape...
No stats rows found. Treating as Inedible Food.
Scrape successful.
Processing link http://wiki.mabinogiworld.com/view/Sakura_Rice_Cake...
WARNING: More than one description selected. Using first
Scrape successful.
Processing link http://wiki.mabinogiworld.com/view/Salad...
Scrape successful.
Processing link http://wiki.mabinogiworld.com/view/Salmon...
No stats rows found. Treating as Inedible Food.
Scrape successful.
Processing link http://wiki.mabinogiworld.com/view/Salmon_Salad...
No stats rows found. Treating as Inedible Food.
Scrape successful.
Processing link http://wiki.mabinogiworld.com/view/Salt...
No stats rows found. Treating as Inedible Food.
Scrape successful.
Processing link http://wiki.mabinogiworld.com/view/Salt_Grilled_Sweetfish...
Scrape successful.
Processing link http://wiki.mabinogiworld.com/view/Sausage...
Scrape successful.
Processing link http://wiki.mabinogiworld.com/view/Scallop...
No stats rows found. Treating as Inedible Food.
Scrape successful.
Processing link http://wiki.mabinogiworld.com/view/Scathach_Beach_Hazelnut_Mushroom...
No stats rows found. Treating as Inedible Food.
Scrape successful.
Processing link http://wiki.mabinogiworld.com/view/Screwdriver...
Scrape successful.
Processing link http://wiki.mabinogiworld.com/view/Seafood_Fried_Rice...
No stats rows found. Treating as Inedible Food.
Scrape successful.
Processing link http://wiki.mabinogiworld.com/view/Seafood_Pancake...
Scrape successful.
Processing link http://wiki.mabinogiworld.com/view/Seafood_Sauce...
No stats rows found. Treating as Inedible Food.
Scrape successful.
Processing link http://wiki.mabinogiworld.com/view/Seafood_Spaghetti...
Scrape successful.
Processing link http://wiki.mabinogiworld.com/view/Seafood_Yakisoba...
Scrape successful.
Processing link http://wiki.mabinogiworld.com/view/Seasoned_Smelt...
Scrape successful.
Processing link http://wiki.mabinogiworld.com/view/Seasoning...
WARNING: More than one description selected. Using first
WARNING: Unable to find a imgurl
No stats rows found. Treating as Inedible Food.
Scrape successful.
Processing link http://wiki.mabinogiworld.com/view/Shark_Fin_Soup...
Scrape successful.
Processing link http://wiki.mabinogiworld.com/view/Shellfish...
WARNING: More than one description selected. Using first
No stats rows found. Treating as Inedible Food.
Scrape successful.
Processing link http://wiki.mabinogiworld.com/view/Short_Pasta...
No stats rows found. Treating as Inedible Food.
Scrape successful.
Processing link http://wiki.mabinogiworld.com/view/Show-off_Pork_Steak...
No stats rows found. Treating as Inedible Food.
Scrape successful.
Processing link http://wiki.mabinogiworld.com/view/Show-off_Steak...
Scrape successful.
Processing link http://wiki.mabinogiworld.com/view/Shrimp...
No stats rows found. Treating as Inedible Food.
Scrape successful.
Processing link http://wiki.mabinogiworld.com/view/Shrimp_Bruschetta...
Scrape successful.
Processing link http://wiki.mabinogiworld.com/view/Shrimp_Dog_Food...
Scrape successful.
Processing link http://wiki.mabinogiworld.com/view/Shrimp_Fried_Rice...
WARNING: More than one description selected. Using first
Scrape successful.
Processing link http://wiki.mabinogiworld.com/view/Shrimp_Taming_Bait...
No stats rows found. Treating as Inedible Food.
Scrape successful.
Processing link http://wiki.mabinogiworld.com/view/Shrimp_Tempura_Udon...
Scrape successful.
Processing link http://wiki.mabinogiworld.com/view/Silk_Snapper...
No stats rows found. Treating as Inedible Food.
Scrape successful.
Processing link http://wiki.mabinogiworld.com/view/Silk-Striped_Marlin...
No stats rows found. Treating as Inedible Food.
Scrape successful.
Processing link http://wiki.mabinogiworld.com/view/Silkworm_Larvae_Stew...
Scrape successful.
Processing link http://wiki.mabinogiworld.com/view/Silver_Vine_Tea...
No stats rows found. Treating as Inedible Food.
Scrape successful.
Processing link http://wiki.mabinogiworld.com/view/Silvervine_and_Snapper...
Scrape successful.
Processing link http://wiki.mabinogiworld.com/view/Silvervine_Drink...
WARNING: More than one description selected. Using first
No stats rows found. Treating as Inedible Food.
Scrape successful.
Processing link http://wiki.mabinogiworld.com/view/Silvervine_Fruit...
No stats rows found. Treating as Inedible Food.
Scrape successful.
Processing link http://wiki.mabinogiworld.com/view/Simmered_Beans...
Scrape successful.
Processing link http://wiki.mabinogiworld.com/view/Simmered_Cabbage...
Scrape successful.
Processing link http://wiki.mabinogiworld.com/view/Simmered_Chestnuts...
Scrape successful.
Processing link http://wiki.mabinogiworld.com/view/Simmered_Octopus...
Scrape successful.
Processing link http://wiki.mabinogiworld.com/view/Simmered_Sweet_Potato...
Scrape successful.
Processing link http://wiki.mabinogiworld.com/view/Slice_of_Cheese...
Scrape successful.
Processing link http://wiki.mabinogiworld.com/view/Sliced_Bread...
Scrape successful.
Processing link http://wiki.mabinogiworld.com/view/Sliced_Meat...
Scrape successful.
Processing link http://wiki.mabinogiworld.com/view/Smelt...
No stats rows found. Treating as Inedible Food.
Scrape successful.
Processing link http://wiki.mabinogiworld.com/view/Smoked_Sunfish...
Scrape successful.
Processing link http://wiki.mabinogiworld.com/view/Somen_Noodles...
No stats rows found. Treating as Inedible Food.
Scrape successful.
Processing link http://wiki.mabinogiworld.com/view/Soy_Chocolate...
Scrape successful.
Processing link http://wiki.mabinogiworld.com/view/Soy_Sauce...
No stats rows found. Treating as Inedible Food.
Scrape successful.
Processing link http://wiki.mabinogiworld.com/view/Spaghetti_Aglio_e_Olio...
Scrape successful.
Processing link http://wiki.mabinogiworld.com/view/Spaghetti_alle_Vongole...
Scrape successful.
Processing link http://wiki.mabinogiworld.com/view/Special_Moon_Cake...
Scrape successful.
Processing link http://wiki.mabinogiworld.com/view/Spicy_Fish_Stew...
Scrape successful.
Processing link http://wiki.mabinogiworld.com/view/Spicy_Oden_Soup...
Scrape successful.
Processing link http://wiki.mabinogiworld.com/view/Spicy_Pepper...
No stats rows found. Treating as Inedible Food.
Scrape successful.
Processing link http://wiki.mabinogiworld.com/view/Spicy_Red_Sea_Bream_Stew...
Scrape successful.
Processing link http://wiki.mabinogiworld.com/view/Sponge_Cake...
Scrape successful.
Processing link http://wiki.mabinogiworld.com/view/Star_Cookie_Cutter...
No stats rows found. Treating as Inedible Food.
Scrape successful.
Processing link http://wiki.mabinogiworld.com/view/Starch_Syrup...
No stats rows found. Treating as Inedible Food.
Scrape successful.
Processing link http://wiki.mabinogiworld.com/view/Steamed_Brifne_Carp...
WARNING: More than one description selected. Using first
Scrape successful.
Processing link http://wiki.mabinogiworld.com/view/Steamed_Cabbage_and_Beans...
Scrape successful.
Processing link http://wiki.mabinogiworld.com/view/Steamed_Corn...
Scrape successful.
Processing link http://wiki.mabinogiworld.com/view/Steamed_Dumplings...
Scrape successful.
Processing link http://wiki.mabinogiworld.com/view/Steamed_Egg_Casserole...
Scrape successful.
Processing link http://wiki.mabinogiworld.com/view/Steamed_Eggplants...
Scrape successful.
Processing link http://wiki.mabinogiworld.com/view/Steamed_Milk...
Scrape successful.
Processing link http://wiki.mabinogiworld.com/view/Steamed_Mushroom...
Scrape successful.
Processing link http://wiki.mabinogiworld.com/view/Steamed_Potato...
WARNING: More than one description selected. Using first
Scrape successful.
Processing link http://wiki.mabinogiworld.com/view/Steamed_Rice...
Scrape successful.
Processing link http://wiki.mabinogiworld.com/view/Steamed_Shark_Fin...
Scrape successful.
Processing link http://wiki.mabinogiworld.com/view/Steamed_Trout...
Scrape successful.
Processing link http://wiki.mabinogiworld.com/view/Strawberry...
Scrape successful.
Processing link http://wiki.mabinogiworld.com/view/Strawberry_(Farmed)...
WARNING: Unable to find a imgurl
No stats rows found. Treating as Inedible Food.
Scrape successful.
Processing link http://wiki.mabinogiworld.com/view/Strawberry_Jam...
Scrape successful.
Processing link http://wiki.mabinogiworld.com/view/Strawberry_Milk...
Scrape successful.
Processing link http://wiki.mabinogiworld.com/view/Strawberry_Shaved_Ice...
Scrape successful.
Processing link http://wiki.mabinogiworld.com/view/Striped_Marlin...
No stats rows found. Treating as Inedible Food.
Scrape successful.
Processing link http://wiki.mabinogiworld.com/view/Striped_Marlin_Steak...
Scrape successful.
Processing link http://wiki.mabinogiworld.com/view/Sturgeon...
No stats rows found. Treating as Inedible Food.
Scrape successful.
Processing link http://wiki.mabinogiworld.com/view/Sturgeon_Steak...
Scrape successful.
Processing link http://wiki.mabinogiworld.com/view/Sugar...
No stats rows found. Treating as Inedible Food.
Scrape successful.
Processing link http://wiki.mabinogiworld.com/view/Sunfish...
No stats rows found. Treating as Inedible Food.
Scrape successful.
Processing link http://wiki.mabinogiworld.com/view/Sunfish_Bone...
No stats rows found. Treating as Inedible Food.
Scrape successful.
Processing link http://wiki.mabinogiworld.com/view/Sweet_Potato...
No stats rows found. Treating as Inedible Food.
Scrape successful.
Processing link http://wiki.mabinogiworld.com/view/Sweet_Potato_Fries...
Scrape successful.
Processing link http://wiki.mabinogiworld.com/view/Sweet_Potato_Pie...
Scrape successful.
Processing link http://wiki.mabinogiworld.com/view/Sweet_Pumpkin...
No stats rows found. Treating as Inedible Food.
Scrape successful.
Processing link http://wiki.mabinogiworld.com/view/Sweet_Pumpkin_Puree...
No stats rows found. Treating as Inedible Food.
Scrape successful.
Processing link http://wiki.mabinogiworld.com/view/Sweetfish...
No stats rows found. Treating as Inedible Food.
Scrape successful.
Processing link http://wiki.mabinogiworld.com/view/T-Bone_Steak...
Scrape successful.
Processing link http://wiki.mabinogiworld.com/view/Taffy_Stick...
Scrape successful.
Processing link http://wiki.mabinogiworld.com/view/Taitinn_Carp...
No stats rows found. Treating as Inedible Food.
Scrape successful.
Processing link http://wiki.mabinogiworld.com/view/Taitinn_Carp_Brochette...
Scrape successful.
Processing link http://wiki.mabinogiworld.com/view/Taitinn_Carp_Stew...
Scrape successful.
Processing link http://wiki.mabinogiworld.com/view/Taitinn_Carp_Taming_Bait...
No stats rows found. Treating as Inedible Food.
Scrape successful.
Processing link http://wiki.mabinogiworld.com/view/Tako_Sushi...
WARNING: More than one description selected. Using first
Scrape successful.
Processing link http://wiki.mabinogiworld.com/view/Tangerine_of_Will...
Scrape successful.
Processing link http://wiki.mabinogiworld.com/view/Tara_Sausage_Sandwich...
Scrape successful.
Processing link http://wiki.mabinogiworld.com/view/Tara%27s_Wine...
No stats rows found. Treating as Inedible Food.
Scrape successful.
Processing link http://wiki.mabinogiworld.com/view/Tart_Crust...
No stats rows found. Treating as Inedible Food.
Scrape successful.
Processing link http://wiki.mabinogiworld.com/view/Tear_Noodles...
Scrape successful.
Processing link http://wiki.mabinogiworld.com/view/Tempura_Plate...
Scrape successful.
Processing link http://wiki.mabinogiworld.com/view/Thyme...
No stats rows found. Treating as Inedible Food.
Scrape successful.
Processing link http://wiki.mabinogiworld.com/view/Thyme_Tea...
Scrape successful.
Processing link http://wiki.mabinogiworld.com/view/Toast...
Scrape successful.
Processing link http://wiki.mabinogiworld.com/view/Toasted_Rice_Cake...
Scrape successful.
Processing link http://wiki.mabinogiworld.com/view/Tofu_Noodles...
WARNING: More than one description selected. Using first
Scrape successful.
Processing link http://wiki.mabinogiworld.com/view/Tomato...
No stats rows found. Treating as Inedible Food.
Scrape successful.
Processing link http://wiki.mabinogiworld.com/view/Tomato_(Farmed)...
WARNING: Unable to find a imgurl
No stats rows found. Treating as Inedible Food.
Scrape successful.
Processing link http://wiki.mabinogiworld.com/view/Tomato_Basil_Salad...
Scrape successful.
Processing link http://wiki.mabinogiworld.com/view/Tomato_Sauce...
No stats rows found. Treating as Inedible Food.
Scrape successful.
Processing link http://wiki.mabinogiworld.com/view/Tomato_Spaghetti...
Scrape successful.
Processing link http://wiki.mabinogiworld.com/view/Triple_Hotcakes...
Scrape successful.
Processing link http://wiki.mabinogiworld.com/view/Truffe...
No stats rows found. Treating as Inedible Food.
Scrape successful.
Processing link http://wiki.mabinogiworld.com/view/Truffle_Pie...
Scrape successful.
Processing link http://wiki.mabinogiworld.com/view/Tuna_Sashimi...
Scrape successful.
Processing link http://wiki.mabinogiworld.com/view/Turkey...
No stats rows found. Treating as Inedible Food.
Scrape successful.
Processing link http://wiki.mabinogiworld.com/view/Unagi_Sushi...
Scrape successful.
Processing link http://wiki.mabinogiworld.com/view/Valentine_Chocolate_Gift...
WARNING: More than one description selected. Using first
No stats rows found. Treating as Inedible Food.
Scrape successful.
Processing link http://wiki.mabinogiworld.com/view/Vales_Fire...
Scrape successful.
Processing link http://wiki.mabinogiworld.com/view/Vales_Whiskey...
Scrape successful.
Processing link http://wiki.mabinogiworld.com/view/Vegetable_Canape...
Scrape successful.
Processing link http://wiki.mabinogiworld.com/view/Vegetable_Soup...
Scrape successful.
Processing link http://wiki.mabinogiworld.com/view/Vegetable_Steamed_Chicken...
Scrape successful.
Processing link http://wiki.mabinogiworld.com/view/Vegetables...
ERROR: Unable to find a description
Processing link http://wiki.mabinogiworld.com/view/Vinegar_Chocolate...
Scrape successful.
Processing link http://wiki.mabinogiworld.com/view/Walnut...
No stats rows found. Treating as Inedible Food.
Scrape successful.
Processing link http://wiki.mabinogiworld.com/view/Walnut_Pie...
Scrape successful.
Processing link http://wiki.mabinogiworld.com/view/Wasabi_Chocolate...
Scrape successful.
Processing link http://wiki.mabinogiworld.com/view/Water...
No stats rows found. Treating as Inedible Food.
Scrape successful.
Processing link http://wiki.mabinogiworld.com/view/Water-soaked_Bean...
Scrape successful.
Processing link http://wiki.mabinogiworld.com/view/Water-soaked_Bean_Broth...
No stats rows found. Treating as Inedible Food.
Scrape successful.
Processing link http://wiki.mabinogiworld.com/view/Water-soaked_Bean_Flour...
No stats rows found. Treating as Inedible Food.
Scrape successful.
Processing link http://wiki.mabinogiworld.com/view/Water-soaked_Bean_Noodles...
Scrape successful.
Processing link http://wiki.mabinogiworld.com/view/Watermelon_Shaved_Ice...
Scrape successful.
Processing link http://wiki.mabinogiworld.com/view/Watermelon_Slice...
Scrape successful.
Processing link http://wiki.mabinogiworld.com/view/Wheat...
No stats rows found. Treating as Inedible Food.
Scrape successful.
Processing link http://wiki.mabinogiworld.com/view/Wheat_Flour...
No stats rows found. Treating as Inedible Food.
Scrape successful.
Processing link http://wiki.mabinogiworld.com/view/Whipped_Cream...
No stats rows found. Treating as Inedible Food.
Scrape successful.
Processing link http://wiki.mabinogiworld.com/view/White_Rice_Cake...
Scrape successful.
Processing link http://wiki.mabinogiworld.com/view/White_Truffle...
No stats rows found. Treating as Inedible Food.
Scrape successful.
Processing link http://wiki.mabinogiworld.com/view/Yeast...
No stats rows found. Treating as Inedible Food.
Scrape successful.
Data scrape complete.
Total links processed: 521
Total ERRORs: 10