Gathering links...
Links gathered. Scraping data...
Processing link http://wiki.mabinogiworld.com/view/Act_1:_Inciting_Incident_Training_Potion...
Scrape successful.
Processing link http://wiki.mabinogiworld.com/view/Act_2:_Threshold_Cutter_Training_Potion...
Scrape successful.
Processing link http://wiki.mabinogiworld.com/view/Act_4:_Rising_Action_Training_Potion...
Scrape successful.
Processing link http://wiki.mabinogiworld.com/view/Act_6:_Crisis_Training_Potion...
Scrape successful.
Processing link http://wiki.mabinogiworld.com/view/Act_7:_Climactic_Crash_Training_Potion...
Scrape successful.
Processing link http://wiki.mabinogiworld.com/view/Act_9:_Invigorating_Encore_Training_Potion...
Scrape successful.
Processing link http://wiki.mabinogiworld.com/view/Age_Potion_-_10-yr-old...
Scrape successful.
Processing link http://wiki.mabinogiworld.com/view/Age_Potion_-_11-yr-old...
Scrape successful.
Processing link http://wiki.mabinogiworld.com/view/Age_Potion_-_12-yr-old...
Scrape successful.
Processing link http://wiki.mabinogiworld.com/view/Age_Potion_-_13-yr-old...
Scrape successful.
Processing link http://wiki.mabinogiworld.com/view/Age_Potion_-_14-yr-old...
Scrape successful.
Processing link http://wiki.mabinogiworld.com/view/Age_Potion_-_15-yr-old...
Scrape successful.
Processing link http://wiki.mabinogiworld.com/view/Age_Potion_-_16-yr-old...
Scrape successful.
Processing link http://wiki.mabinogiworld.com/view/Age_Potion_-_17-yr-old...
Scrape successful.
Processing link http://wiki.mabinogiworld.com/view/Antidote_Potion...
Scrape successful.
Processing link http://wiki.mabinogiworld.com/view/AP_Potion...
Scrape successful.
Processing link http://wiki.mabinogiworld.com/view/Base_Potion...
Scrape successful.
Processing link http://wiki.mabinogiworld.com/view/Battlefield_Overture_Training_Potion...
Scrape successful.
Processing link http://wiki.mabinogiworld.com/view/Binding_Spirit_Liqueur...
Scrape successful.
Processing link http://wiki.mabinogiworld.com/view/Black_Youth_Potion...
Scrape successful.
Processing link http://wiki.mabinogiworld.com/view/Chain_Mastery_Training_Potion...
Scrape successful.
Processing link http://wiki.mabinogiworld.com/view/Chain:_Charging_Strike_Training_Potion...
Scrape successful.
Processing link http://wiki.mabinogiworld.com/view/Chain:_Drop_Kick_Training_Potion...
Scrape successful.
Processing link http://wiki.mabinogiworld.com/view/Chain:_Focused_Fist_Training_Potion...
Scrape successful.
Processing link http://wiki.mabinogiworld.com/view/Chain:_Pummel_Training_Potion...
Scrape successful.
Processing link http://wiki.mabinogiworld.com/view/Chain:_Somersault_Kick_Training_Potion...
Scrape successful.
Processing link http://wiki.mabinogiworld.com/view/Chain:_Spinning_Uppercut_Training_Potion...
Scrape successful.
Processing link http://wiki.mabinogiworld.com/view/Chat_Color_Change_Potion...
Scrape successful.
Processing link http://wiki.mabinogiworld.com/view/Colossus_Marionette_Training_Potion...
Scrape successful.
Processing link http://wiki.mabinogiworld.com/view/Combat_2x_EXP_Potion_(2_hrs.)...
Scrape successful.
Processing link http://wiki.mabinogiworld.com/view/Combat_2x_EXP_Potion_(30_min.)...
Scrape successful.
Processing link http://wiki.mabinogiworld.com/view/Complete_Skill_EXP_Potion...
Scrape successful.
Processing link http://wiki.mabinogiworld.com/view/Control_Marionette_Training_Potion...
Scrape successful.
Processing link http://wiki.mabinogiworld.com/view/Cooking_Potion...
Scrape successful.
Processing link http://wiki.mabinogiworld.com/view/Critical_Hit_Training_Potion...
Scrape successful.
Processing link http://wiki.mabinogiworld.com/view/Daemon_of_Physis_Training_Potion...
Scrape successful.
Processing link http://wiki.mabinogiworld.com/view/Template:DataMarionette_30_Potion...
ERROR: Unable to find a description
Processing link http://wiki.mabinogiworld.com/view/Diet_Potion_(F)...
Scrape successful.
Processing link http://wiki.mabinogiworld.com/view/Diet_Potion_(L)...
Scrape successful.
Processing link http://wiki.mabinogiworld.com/view/Diet_Potion_(U)...
Scrape successful.
Processing link http://wiki.mabinogiworld.com/view/Diet_Potions...
ERROR: Unable to find a description
Processing link http://wiki.mabinogiworld.com/view/Dischord_Training_Potion...
Scrape successful.
Processing link http://wiki.mabinogiworld.com/view/Double_Alchemy_Skill_EXP_Potion...
Scrape successful.
Processing link http://wiki.mabinogiworld.com/view/Double_Combat_Skill_EXP_Potion...
Scrape successful.
Processing link http://wiki.mabinogiworld.com/view/Double_Dual_Gun_Skill_EXP_Potion...
Scrape successful.
Processing link http://wiki.mabinogiworld.com/view/Double_Fighter_Skill_EXP_Potion...
Scrape successful.
Processing link http://wiki.mabinogiworld.com/view/Double_Life_Skill_EXP_Potion...
Scrape successful.
Processing link http://wiki.mabinogiworld.com/view/Double_Magic_Skill_EXP_Potion...
Scrape successful.
Processing link http://wiki.mabinogiworld.com/view/Double_Music_Skill_EXP_Potion...
Scrape successful.
Processing link http://wiki.mabinogiworld.com/view/Double_Puppeteer_Skill_EXP_Potion...
Scrape successful.
Processing link http://wiki.mabinogiworld.com/view/Dragon_Knight%27s_Potion_(10_min)...
Scrape successful.
Processing link http://wiki.mabinogiworld.com/view/Enchant_Protection_Potion...
Scrape successful.
Processing link http://wiki.mabinogiworld.com/view/Enchant_Training_Potion...
Scrape successful.
Processing link http://wiki.mabinogiworld.com/view/Enduring_Melody_Training_Potion...
Scrape successful.
Processing link http://wiki.mabinogiworld.com/view/Fishing_Booster_Potion_(2_hr)...
WARNING: More than one description selected. Using first
Scrape successful.
Processing link http://wiki.mabinogiworld.com/view/Fishing_Booster_Potion_(30_min)...
WARNING: More than one description selected. Using first
Scrape successful.
Processing link http://wiki.mabinogiworld.com/view/Fishing_Training_Potion...
Scrape successful.
Processing link http://wiki.mabinogiworld.com/view/Full_Recovery_Potion...
Scrape successful.
Processing link http://wiki.mabinogiworld.com/view/Fury_of_Connous_Training_Potion...
Scrape successful.
Processing link http://wiki.mabinogiworld.com/view/Good_Luck_Potion...
Scrape successful.
Processing link http://wiki.mabinogiworld.com/view/Green_Young_Potion...
Scrape successful.
Processing link http://wiki.mabinogiworld.com/view/Harvest_Song_Training_Potion...
Scrape successful.
Processing link http://wiki.mabinogiworld.com/view/Healing_Training_Potion...
Scrape successful.
Processing link http://wiki.mabinogiworld.com/view/Heat_Buster_Training_Potion...
Scrape successful.
Processing link http://wiki.mabinogiworld.com/view/High_Gathering_Speed_Potion...
Scrape successful.
Processing link http://wiki.mabinogiworld.com/view/HP_%26_MP_10_Potion...
Scrape successful.
Processing link http://wiki.mabinogiworld.com/view/HP_%26_MP_100_Potion...
Scrape successful.
Processing link http://wiki.mabinogiworld.com/view/HP_%26_MP_30_Potion...
Scrape successful.
Processing link http://wiki.mabinogiworld.com/view/HP_%26_MP_300_Potion...
Scrape successful.
Processing link http://wiki.mabinogiworld.com/view/HP_%26_MP_50_Potion...
Scrape successful.
Processing link http://wiki.mabinogiworld.com/view/HP_%26_Stamina_10_Potion...
Scrape successful.
Processing link http://wiki.mabinogiworld.com/view/HP_%26_Stamina_100_Potion...
Scrape successful.
Processing link http://wiki.mabinogiworld.com/view/HP_%26_Stamina_30_Potion...
Scrape successful.
Processing link http://wiki.mabinogiworld.com/view/HP_%26_Stamina_300_Potion...
Scrape successful.
Processing link http://wiki.mabinogiworld.com/view/HP_%26_Stamina_50_Potion...
Scrape successful.
Processing link http://wiki.mabinogiworld.com/view/HP_10_Potion...
Scrape successful.
Processing link http://wiki.mabinogiworld.com/view/HP_100_Potion...
Scrape successful.
Processing link http://wiki.mabinogiworld.com/view/HP_100_Potion_RE...
Scrape successful.
Processing link http://wiki.mabinogiworld.com/view/HP_100_Potion_SE...
Scrape successful.
Processing link http://wiki.mabinogiworld.com/view/HP_1000_Potion_RE...
Scrape successful.
Processing link http://wiki.mabinogiworld.com/view/HP_1000_Potion_SE...
Scrape successful.
Processing link http://wiki.mabinogiworld.com/view/HP_30_Potion...
Scrape successful.
Processing link http://wiki.mabinogiworld.com/view/HP_30_Potion_for_Beginners...
Scrape successful.
Processing link http://wiki.mabinogiworld.com/view/HP_30_Potion_RE...
Scrape successful.
Processing link http://wiki.mabinogiworld.com/view/HP_300_Potion...
Scrape successful.
Processing link http://wiki.mabinogiworld.com/view/HP_300_Potion_RE...
Scrape successful.
Processing link http://wiki.mabinogiworld.com/view/HP_300_Potion_SE...
Scrape successful.
Processing link http://wiki.mabinogiworld.com/view/HP_50_Potion...
Scrape successful.
Processing link http://wiki.mabinogiworld.com/view/HP_50_Potion_RE...
Scrape successful.
Processing link http://wiki.mabinogiworld.com/view/HP_500_Potion_RE...
Scrape successful.
Processing link http://wiki.mabinogiworld.com/view/HP_500_Potion_SE...
Scrape successful.
Processing link http://wiki.mabinogiworld.com/view/HP_Buff_Potion...
Scrape successful.
Processing link http://wiki.mabinogiworld.com/view/HP_Buff_Potion_(Event)...
Scrape successful.
Processing link http://wiki.mabinogiworld.com/view/HP_Elixir...
Scrape successful.
Processing link http://wiki.mabinogiworld.com/view/Item_Drop_Booster_Potion_(2_hr)...
Scrape successful.
Processing link http://wiki.mabinogiworld.com/view/Item_Drop_Booster_Potion_(30_min)...
Scrape successful.
Processing link http://wiki.mabinogiworld.com/view/Likeability_Potion...
Scrape successful.
Processing link http://wiki.mabinogiworld.com/view/Lullaby_Training_Potion...
Scrape successful.
Processing link http://wiki.mabinogiworld.com/view/Magic_Power_Potion...
Scrape successful.
Processing link http://wiki.mabinogiworld.com/view/Magic_Speed_Potion_(1_hr.)...
Scrape successful.
Processing link http://wiki.mabinogiworld.com/view/Magic_Speed_Potion_(30_min.)...
Scrape successful.
Processing link http://wiki.mabinogiworld.com/view/Mana_Crystallization_Training_Potion...
Scrape successful.
Processing link http://wiki.mabinogiworld.com/view/March_Song_Training_Potion...
Scrape successful.
Processing link http://wiki.mabinogiworld.com/view/Marionette_100_Potion...
Scrape successful.
Processing link http://wiki.mabinogiworld.com/view/Marionette_30_Potion...
Scrape successful.
Processing link http://wiki.mabinogiworld.com/view/Marionette_300_Potion...
Scrape successful.
Processing link http://wiki.mabinogiworld.com/view/Marionette_50_Potion...
Scrape successful.
Processing link http://wiki.mabinogiworld.com/view/Marionette_500_Potion...
Scrape successful.
Processing link http://wiki.mabinogiworld.com/view/Metal_Conversion_Training_Potion...
Scrape successful.
Processing link http://wiki.mabinogiworld.com/view/Mini_Potion...
Scrape successful.
Processing link http://wiki.mabinogiworld.com/view/Monster_Drop_Booster_Potion...
WARNING: More than one description selected. Using first
WARNING: More than one imgurl selected. Using first
Scrape successful.
Processing link http://wiki.mabinogiworld.com/view/Movement_Speed_30%25_Boost_Potion_(10_minutes)...
Scrape successful.
Processing link http://wiki.mabinogiworld.com/view/Movement_Speed_30%25_Boost_Potion_(5_minutes)...
Scrape successful.
Processing link http://wiki.mabinogiworld.com/view/Movement_Speed_40%25_Boost_Potion_(10_minutes)...
Scrape successful.
Processing link http://wiki.mabinogiworld.com/view/Movement_Speed_40%25_Boost_Potion_(5_minutes)...
Scrape successful.
Processing link http://wiki.mabinogiworld.com/view/Movement_Speed_40%25_Increase_Potion_(Event)...
Scrape successful.
Processing link http://wiki.mabinogiworld.com/view/MP_10_Potion...
Scrape successful.
Processing link http://wiki.mabinogiworld.com/view/MP_100_Potion...
Scrape successful.
Processing link http://wiki.mabinogiworld.com/view/MP_100_Potion_RE...
Scrape successful.
Processing link http://wiki.mabinogiworld.com/view/MP_100_Potion_SE...
Scrape successful.
Processing link http://wiki.mabinogiworld.com/view/MP_30_Potion...
Scrape successful.
Processing link http://wiki.mabinogiworld.com/view/MP_30_Potion_for_Beginners...
Scrape successful.
Processing link http://wiki.mabinogiworld.com/view/MP_30_Potion_RE...
Scrape successful.
Processing link http://wiki.mabinogiworld.com/view/MP_300_Potion...
Scrape successful.
Processing link http://wiki.mabinogiworld.com/view/MP_300_Potion_RE...
Scrape successful.
Processing link http://wiki.mabinogiworld.com/view/MP_300_Potion_SE...
Scrape successful.
Processing link http://wiki.mabinogiworld.com/view/MP_50_Potion...
Scrape successful.
Processing link http://wiki.mabinogiworld.com/view/MP_50_Potion_RE...
Scrape successful.
Processing link http://wiki.mabinogiworld.com/view/MP_50_Potion_SE...
Scrape successful.
Processing link http://wiki.mabinogiworld.com/view/MP_500_Potion_RE...
Scrape successful.
Processing link http://wiki.mabinogiworld.com/view/MP_500_Potion_SE...
Scrape successful.
Processing link http://wiki.mabinogiworld.com/view/MP_Buff_Potion...
Scrape successful.
Processing link http://wiki.mabinogiworld.com/view/MP_Buff_Potion_(Event)...
Scrape successful.
Processing link http://wiki.mabinogiworld.com/view/MP_Elixir...
Scrape successful.
Processing link http://wiki.mabinogiworld.com/view/Music_Composition_Training_Potion_(For_Restoration)...
Scrape successful.
Processing link http://wiki.mabinogiworld.com/view/Musical_Knowledge_Training_Potion_(For_Restoration)...
Scrape successful.
Processing link http://wiki.mabinogiworld.com/view/Name_Color_Change_Potion...
Scrape successful.
Processing link http://wiki.mabinogiworld.com/view/Name/Chat_Color_Change_Potion_(Event)...
Scrape successful.
Processing link http://wiki.mabinogiworld.com/view/Pet_Age_Potion_-_Age_1...
Scrape successful.
Processing link http://wiki.mabinogiworld.com/view/Pet_Age_Potion_-_Age_2...
Scrape successful.
Processing link http://wiki.mabinogiworld.com/view/Pet_Age_Potion_-_Age_3...
Scrape successful.
Processing link http://wiki.mabinogiworld.com/view/Pet_Age_Potion_-_Age_4...
Scrape successful.
Processing link http://wiki.mabinogiworld.com/view/Pet_Age_Potion_-_Age_5...
Scrape successful.
Processing link http://wiki.mabinogiworld.com/view/Pierrot_Marionette_Training_Potion...
Scrape successful.
Processing link http://wiki.mabinogiworld.com/view/Playing_Instrument_Training_Potion...
Scrape successful.
Processing link http://wiki.mabinogiworld.com/view/Playing_Instrument_Training_Potion_(For_Restoration)...
Scrape successful.
Processing link http://wiki.mabinogiworld.com/view/Poison_Bottle...
Scrape successful.
Processing link http://wiki.mabinogiworld.com/view/Poison_Potion...
Scrape successful.
Processing link http://wiki.mabinogiworld.com/view/Possessed_Potion...
Scrape successful.
Processing link http://wiki.mabinogiworld.com/view/Potion_of_Dexterity...
Scrape successful.
Processing link http://wiki.mabinogiworld.com/view/Potion_of_Intelligence...
Scrape successful.
Processing link http://wiki.mabinogiworld.com/view/Potion_of_Luck...
Scrape successful.
Processing link http://wiki.mabinogiworld.com/view/Potion_of_Proficiency...
WARNING: More than one description selected. Using first
WARNING: More than one imgurl selected. Using first
Scrape successful.
Processing link http://wiki.mabinogiworld.com/view/Potion_of_Strength...
Scrape successful.
Processing link http://wiki.mabinogiworld.com/view/Potion_of_the_Dawn...
Scrape successful.
Processing link http://wiki.mabinogiworld.com/view/Potion_of_Will...
Scrape successful.
Processing link http://wiki.mabinogiworld.com/view/Potions_List...
ERROR: Unable to find a description
Processing link http://wiki.mabinogiworld.com/view/Production_Failure_Potion...
Scrape successful.
Processing link http://wiki.mabinogiworld.com/view/Protection/DEF_Buff_Potion...
Scrape successful.
Processing link http://wiki.mabinogiworld.com/view/Protection/DEF_Buff_Potion_(Event)...
Scrape successful.
Processing link http://wiki.mabinogiworld.com/view/Puppet%27s_Snare_Training_Potion...
Scrape successful.
Processing link http://wiki.mabinogiworld.com/view/Rebirth_Potion...
Scrape successful.
Processing link http://wiki.mabinogiworld.com/view/Recovery_Booster...
Scrape successful.
Processing link http://wiki.mabinogiworld.com/view/Red_Potion...
Scrape successful.
Processing link http://wiki.mabinogiworld.com/view/Refining_Training_Potion...
Scrape successful.
Processing link http://wiki.mabinogiworld.com/view/Repair_Protection_Potion...
Scrape successful.
Processing link http://wiki.mabinogiworld.com/view/Restorative_Spirit_Liqueur...
Scrape successful.
Processing link http://wiki.mabinogiworld.com/view/Slurpee...
Scrape successful.
Processing link http://wiki.mabinogiworld.com/view/Soul_of_Chaos_Training_Potion...
Scrape successful.
Processing link http://wiki.mabinogiworld.com/view/Special_High_Speed_Gathering_Potion_(Event)...
Scrape successful.
Processing link http://wiki.mabinogiworld.com/view/Speed_Walk_Potion_30%25_(10_min)...
Scrape successful.
Processing link http://wiki.mabinogiworld.com/view/Speed_Walk_Potion_30%25_(5_min)...
Scrape successful.
Processing link http://wiki.mabinogiworld.com/view/Speed_Walk_Potion_40%25_(10_min)...
Scrape successful.
Processing link http://wiki.mabinogiworld.com/view/Speed_Walk_Potion_40%25_(15_secs)_(Event)...
Scrape successful.
Processing link http://wiki.mabinogiworld.com/view/Speed_Walk_Potion_40%25_(5_min)...
Scrape successful.
Processing link http://wiki.mabinogiworld.com/view/Speed_Walk_Potion_40%25_(Event)...
Scrape successful.
Processing link http://wiki.mabinogiworld.com/view/Speed_Walk_Potion_60%25_(10_min)...
Scrape successful.
Processing link http://wiki.mabinogiworld.com/view/Spirit_Hearing_Water...
Scrape successful.
Processing link http://wiki.mabinogiworld.com/view/Spirit_Liqueur...
Scrape successful.
Processing link http://wiki.mabinogiworld.com/view/Spirit_Liqueur_of_Blessing...
Scrape successful.
Processing link http://wiki.mabinogiworld.com/view/Spirit_of_Order_Training_Potion...
Scrape successful.
Processing link http://wiki.mabinogiworld.com/view/Spirit_Weapon_Repair_Potion...
WARNING: More than one description selected. Using first
WARNING: More than one imgurl selected. Using first
Scrape successful.
Processing link http://wiki.mabinogiworld.com/view/Spirit_Weapon_Restoration_Potion...
Scrape successful.
Processing link http://wiki.mabinogiworld.com/view/Stamina_10_Potion...
Scrape successful.
Processing link http://wiki.mabinogiworld.com/view/Stamina_100_Potion...
Scrape successful.
Processing link http://wiki.mabinogiworld.com/view/Stamina_100_Potion_RE...
Scrape successful.
Processing link http://wiki.mabinogiworld.com/view/Stamina_100_Potion_SE...
Scrape successful.
Processing link http://wiki.mabinogiworld.com/view/Stamina_1000_Potion_RE...
Scrape successful.
Processing link http://wiki.mabinogiworld.com/view/Stamina_1000_Potion_SE...
Scrape successful.
Processing link http://wiki.mabinogiworld.com/view/Stamina_30_Potion...
Scrape successful.
Processing link http://wiki.mabinogiworld.com/view/Stamina_30_Potion_for_Beginners...
Scrape successful.
Processing link http://wiki.mabinogiworld.com/view/Stamina_300_Potion...
Scrape successful.
Processing link http://wiki.mabinogiworld.com/view/Stamina_300_Potion_RE...
Scrape successful.
Processing link http://wiki.mabinogiworld.com/view/Stamina_300_Potion_SE...
Scrape successful.
Processing link http://wiki.mabinogiworld.com/view/Stamina_50_Potion...
Scrape successful.
Processing link http://wiki.mabinogiworld.com/view/Stamina_500_Potion_RE...
Scrape successful.
Processing link http://wiki.mabinogiworld.com/view/Stamina_500_Potion_SE...
Scrape successful.
Processing link http://wiki.mabinogiworld.com/view/Stamina_Buff_Potion...
Scrape successful.
Processing link http://wiki.mabinogiworld.com/view/Stamina_Buff_Potion_(Event)...
Scrape successful.
Processing link http://wiki.mabinogiworld.com/view/Stamina_Elixir...
Scrape successful.
Processing link http://wiki.mabinogiworld.com/view/Synthesis_Training_Potion...
Scrape successful.
Processing link http://wiki.mabinogiworld.com/view/Tendering_Potion...
WARNING: More than one description selected. Using first
WARNING: More than one imgurl selected. Using first
Scrape successful.
Processing link http://wiki.mabinogiworld.com/view/Tin_Potion...
Scrape successful.
Processing link http://wiki.mabinogiworld.com/view/Trade_Unlock_Potion...
Scrape successful.
Processing link http://wiki.mabinogiworld.com/view/Tranquil_Spirit_Liqueur...
Scrape successful.
Processing link http://wiki.mabinogiworld.com/view/Vivace_Training_Potion...
Scrape successful.
Processing link http://wiki.mabinogiworld.com/view/Weapon_Power_Potion_(1_hr.)...
Scrape successful.
Processing link http://wiki.mabinogiworld.com/view/Weapon_Power_Potion_(30_min.)...
Scrape successful.
Processing link http://wiki.mabinogiworld.com/view/Windmill_Training_Potion...
Scrape successful.
Processing link http://wiki.mabinogiworld.com/view/Wire_Pull_Training_Potion...
Scrape successful.
Processing link http://wiki.mabinogiworld.com/view/Wound_Remedy_10_Potion...
Scrape successful.
Processing link http://wiki.mabinogiworld.com/view/Wound_Remedy_100_Potion...
Scrape successful.
Processing link http://wiki.mabinogiworld.com/view/Wound_Remedy_100_Potion_RE...
Scrape successful.
Processing link http://wiki.mabinogiworld.com/view/Wound_Remedy_100_Potion_SE...
Scrape successful.
Processing link http://wiki.mabinogiworld.com/view/Wound_Remedy_1000_Potion_RE...
Scrape successful.
Processing link http://wiki.mabinogiworld.com/view/Wound_Remedy_30_Potion...
Scrape successful.
Processing link http://wiki.mabinogiworld.com/view/Wound_Remedy_300_Potion...
Scrape successful.
Processing link http://wiki.mabinogiworld.com/view/Wound_Remedy_300_Potion_RE...
Scrape successful.
Processing link http://wiki.mabinogiworld.com/view/Wound_Remedy_300_Potion_SE...
Scrape successful.
Processing link http://wiki.mabinogiworld.com/view/Wound_Remedy_50_Potion...
Scrape successful.
Processing link http://wiki.mabinogiworld.com/view/Wound_Remedy_500_Potion_RE...
Scrape successful.
Processing link http://wiki.mabinogiworld.com/view/Wound_Remedy_500_Potion_SE...
Scrape successful.
Processing link http://wiki.mabinogiworld.com/view/Yellow_Young_Potion...
Scrape successful.
Data scrape complete.
Total links processed: 223
Total ERRORs: 3